
> frontend@0.1.0 dev
> next dev

⚠ Warning: Next.js inferred your workspace root, but it may not be correct.
 We detected multiple lockfiles and selected the directory of /Users/ajeeshrajan/Documents/wegomap/package-lock.json as the root directory.
 To silence this warning, set `turbopack.root` in your Next.js config, or consider removing one of the lockfiles if it's not needed.
   See https://nextjs.org/docs/app/api-reference/config/next-config-js/turbopack#root-directory for more information.
 Detected additional lockfiles: 
   * /Users/ajeeshrajan/Documents/wegomap/frontend/package-lock.json

▲ Next.js 16.1.6 (Turbopack)
- Local:         http://localhost:3000
- Network:       http://169.254.78.212:3000
- Environments: .env.local

✓ Starting...
✓ Ready in 480ms
 GET /admin/destinations 200 in 262ms (compile: 168ms, render: 94ms)
 GET / 200 in 58ms (compile: 22ms, render: 36ms)
⚠ Found a change in next.config.ts. Restarting the server to apply the changes...
⚠ Warning: Next.js inferred your workspace root, but it may not be correct.
 We detected multiple lockfiles and selected the directory of /Users/ajeeshrajan/Documents/wegomap/package-lock.json as the root directory.
 To silence this warning, set `turbopack.root` in your Next.js config, or consider removing one of the lockfiles if it's not needed.
   See https://nextjs.org/docs/app/api-reference/config/next-config-js/turbopack#root-directory for more information.
 Detected additional lockfiles: 
   * /Users/ajeeshrajan/Documents/wegomap/frontend/package-lock.json

▲ Next.js 16.1.6 (Turbopack)
- Local:         http://localhost:3000
- Network:       http://169.254.78.212:3000
- Environments: .env.local

✓ Starting...
✓ Ready in 379ms
 GET / 200 in 501ms (compile: 414ms, render: 87ms)
 GET /admin/destinations 200 in 269ms (compile: 145ms, render: 124ms)
⚠ Found a change in next.config.ts. Restarting the server to apply the changes...
⚠ Warning: Next.js inferred your workspace root, but it may not be correct.
 We detected multiple lockfiles and selected the directory of /Users/ajeeshrajan/Documents/wegomap/package-lock.json as the root directory.
 To silence this warning, set `turbopack.root` in your Next.js config, or consider removing one of the lockfiles if it's not needed.
   See https://nextjs.org/docs/app/api-reference/config/next-config-js/turbopack#root-directory for more information.
 Detected additional lockfiles: 
   * /Users/ajeeshrajan/Documents/wegomap/frontend/package-lock.json

▲ Next.js 16.1.6 (Turbopack)
- Local:         http://localhost:3000
- Network:       http://169.254.78.212:3000
- Environments: .env.local

✓ Starting...
✓ Ready in 372ms
 GET / 200 in 425ms (compile: 322ms, render: 104ms)
 GET /admin/destinations 200 in 57ms (compile: 20ms, render: 37ms)
 GET /tours?dest=69b1ca7d0fc2486ad9078195 200 in 55ms (compile: 40ms, render: 15ms)
 GET /admin/site-options 200 in 185ms (compile: 169ms, render: 16ms)
 GET /admin/site-options 200 in 38ms (compile: 6ms, render: 32ms)
✓ Compiled in 1225ms
✓ Compiled in 580ms
✓ Compiled in 2.6s
✓ Compiled in 42ms
✓ Compiled in 417ms
 GET / 200 in 421ms (compile: 254ms, render: 167ms)
✓ Compiled in 770ms
 GET / 200 in 357ms (compile: 26ms, render: 330ms)
 GET /admin/site-options 200 in 282ms (compile: 117ms, render: 165ms)
 GET / 200 in 284ms (compile: 191ms, render: 93ms)
 GET /admin/site-options 200 in 81ms (compile: 6ms, render: 75ms)
 GET / 200 in 159ms (compile: 5ms, render: 154ms)
 GET /admin/site-options 200 in 125ms (compile: 3ms, render: 122ms)
 GET / 200 in 124ms (compile: 22ms, render: 102ms)
 GET /admin/site-options 200 in 89ms (compile: 2ms, render: 87ms)
✓ Compiled in 117ms
✓ Compiled in 539ms
✓ Compiled in 192ms
✓ Compiled in 943ms
 GET / 200 in 848ms (compile: 131ms, render: 718ms)
 GET /admin/site-options 200 in 1019ms (compile: 796ms, render: 222ms)
 GET / 200 in 228ms (compile: 1473µs, render: 227ms)
 GET /admin/site-options 200 in 283ms (compile: 7ms, render: 275ms)
 GET / 200 in 290ms (compile: 906µs, render: 289ms)
 GET /admin/site-options 200 in 106ms (compile: 3ms, render: 103ms)
 GET /admin/site-options 200 in 558ms (compile: 535ms, render: 23ms)
 GET / 200 in 568ms (compile: 552ms, render: 16ms)
✓ Compiled in 615ms
✓ Compiled in 1828ms
 GET /admin/site-options 200 in 418ms (compile: 145ms, render: 273ms)
 GET / 200 in 343ms (compile: 295ms, render: 48ms)
 GET /tours?q=Festivals 200 in 676ms (compile: 506ms, render: 170ms)
 GET /packages/69b1ca7d0fc2486ad907811a 200 in 1069ms (compile: 1046ms, render: 22ms)
 GET /admin/packages 200 in 222ms (compile: 209ms, render: 13ms)
 GET /admin/packages 200 in 31ms (compile: 6ms, render: 25ms)
 GET /admin/blogs 200 in 113ms (compile: 99ms, render: 14ms)
 GET /admin/site-options 200 in 11ms (compile: 4ms, render: 7ms)
 GET /admin/destinations 200 in 63ms (compile: 40ms, render: 23ms)
✓ Compiled in 119ms
 GET / 200 in 51ms (compile: 21ms, render: 29ms)
 GET /packages/69b1ca7d0fc2486ad9078135 200 in 485ms (compile: 346ms, render: 139ms)
 GET /packages/69b1ca7d0fc2486ad9078135 200 in 1331ms (compile: 995ms, render: 336ms)
 GET /admin/destinations 200 in 1360ms (compile: 226ms, render: 1134ms)
✓ Compiled in 5.5s
 GET /admin-login 200 in 469ms (compile: 445ms, render: 24ms)
✓ Compiled in 1483ms
✓ Compiled in 311ms
 GET /admin 200 in 211ms (compile: 173ms, render: 38ms)
 GET / 200 in 48ms (compile: 29ms, render: 19ms)
 GET /packages 200 in 580ms (compile: 561ms, render: 19ms)
 GET /corporate-event-management-company-kochi 200 in 236ms (compile: 217ms, render: 20ms)
 GET /chatbot 404 in 152ms (compile: 141ms, render: 11ms)
 GET /chatbot 404 in 124ms (compile: 9ms, render: 115ms)
 GET /profile 404 in 29ms (compile: 9ms, render: 20ms)
 GET /profile 404 in 56ms (compile: 4ms, render: 52ms)
 GET / 200 in 22ms (compile: 9ms, render: 13ms)
 GET /packages 200 in 23ms (compile: 6ms, render: 16ms)
 GET /corporate-event-management-company-kochi 200 in 26ms (compile: 8ms, render: 18ms)
 GET /packages 200 in 9ms (compile: 3ms, render: 7ms)
 GET / 200 in 32ms (compile: 18ms, render: 14ms)
 GET /corporate-event-management-company-kochi 200 in 22ms (compile: 6ms, render: 16ms)
 GET /chatbot 404 in 24ms (compile: 13ms, render: 11ms)
 GET /chatbot 404 in 31ms (compile: 1743µs, render: 29ms)
 GET /chatbot 404 in 99ms (compile: 13ms, render: 86ms)
 GET /corporate-event-management-company-kochi 200 in 9ms (compile: 1306µs, render: 8ms)
 GET / 200 in 44ms (compile: 9ms, render: 34ms)
node(67428) MallocStackLogging: can't turn off malloc stack logging because it was not enabled.
node(67441) MallocStackLogging: can't turn off malloc stack logging because it was not enabled.
✓ Compiled in 5s
 GET /packages 200 in 1553ms (compile: 57ms, render: 1496ms)
 GET /packages 200 in 286ms (compile: 1429µs, render: 284ms)
 GET / 200 in 29ms (compile: 12ms, render: 17ms)
✓ Compiled in 472ms
 GET /admin/site-options 200 in 172ms (compile: 117ms, render: 54ms)
 GET /admin/blogs 200 in 76ms (compile: 47ms, render: 29ms)
 GET /admin/packages 200 in 71ms (compile: 47ms, render: 24ms)
 GET /admin/testimonials 200 in 478ms (compile: 469ms, render: 8ms)
 GET /admin/testimonials 200 in 6ms (compile: 943µs, render: 5ms)
 GET /admin/destinations 200 in 80ms (compile: 31ms, render: 49ms)
 GET /admin/sliders 200 in 92ms (compile: 82ms, render: 10ms)
 GET /admin/pages 200 in 74ms (compile: 65ms, render: 9ms)
 GET /admin/categories 200 in 122ms (compile: 93ms, render: 29ms)
 GET /admin/settings 200 in 73ms (compile: 61ms, render: 13ms)
 GET /admin/destinations 200 in 77ms (compile: 29ms, render: 48ms)
 GET /admin/testimonials 200 in 26ms (compile: 5ms, render: 21ms)
 GET /admin/blogs 200 in 28ms (compile: 9ms, render: 19ms)
 GET /admin/site-options 200 in 25ms (compile: 7ms, render: 19ms)
✓ Compiled in 486ms
 GET /admin/site-options 200 in 254ms (compile: 86ms, render: 168ms)
⚠ Fast Refresh had to perform a full reload due to a runtime error.
✓ Compiled in 62ms
 GET /admin/site-options 200 in 127ms (compile: 71ms, render: 56ms)
⚠ Fast Refresh had to perform a full reload due to a runtime error.
⚠ Fast Refresh had to perform a full reload due to a runtime error.
✓ Compiled in 387ms
 GET /admin/site-options 200 in 172ms (compile: 59ms, render: 113ms)
⚠ Fast Refresh had to perform a full reload due to a runtime error.
⚠ Fast Refresh had to perform a full reload due to a runtime error.
✓ Compiled in 169ms
 GET /admin/site-options 200 in 260ms (compile: 77ms, render: 183ms)
⚠ Fast Refresh had to perform a full reload due to a runtime error.
✓ Compiled in 68ms
 GET /admin/site-options 200 in 179ms (compile: 74ms, render: 105ms)
 GET /admin/site-options 200 in 68ms (compile: 12ms, render: 56ms)
 GET /admin/site-options 200 in 60ms (compile: 13ms, render: 47ms)
 GET /admin/site-options 200 in 70ms (compile: 4ms, render: 66ms)
 GET /admin 200 in 231ms (compile: 124ms, render: 106ms)
 GET /admin 200 in 108ms (compile: 66ms, render: 42ms)
⚠ Fast Refresh had to perform a full reload due to a runtime error.
✓ Compiled in 176ms
 GET /admin 200 in 73ms (compile: 27ms, render: 46ms)
⚠ Fast Refresh had to perform a full reload due to a runtime error.
✓ Compiled in 222ms
 GET / 200 in 351ms (compile: 296ms, render: 54ms)
 GET /admin 200 in 465ms (compile: 210ms, render: 255ms)
 GET / 200 in 173ms (compile: 4ms, render: 170ms)
 GET / 200 in 84ms (compile: 2ms, render: 82ms)
 GET / 200 in 56ms (compile: 9ms, render: 47ms)
 GET / 200 in 44ms (compile: 4ms, render: 40ms)
 GET / 200 in 37ms (compile: 3ms, render: 34ms)
 GET / 200 in 39ms (compile: 3ms, render: 36ms)
 GET / 200 in 38ms (compile: 3ms, render: 36ms)
 GET / 200 in 43ms (compile: 3ms, render: 40ms)
 GET / 200 in 60ms (compile: 1790µs, render: 58ms)
 GET / 200 in 43ms (compile: 3ms, render: 40ms)
 GET / 200 in 45ms (compile: 3ms, render: 42ms)
 GET / 200 in 34ms (compile: 3ms, render: 31ms)
 GET / 200 in 35ms (compile: 1370µs, render: 33ms)
 GET / 200 in 54ms (compile: 1262µs, render: 52ms)
 GET / 200 in 53ms (compile: 1879µs, render: 51ms)
 GET / 200 in 49ms (compile: 4ms, render: 45ms)
 GET / 200 in 37ms (compile: 3ms, render: 34ms)
 GET / 200 in 49ms (compile: 2ms, render: 47ms)
 GET / 200 in 40ms (compile: 2ms, render: 37ms)
 GET / 200 in 32ms (compile: 3ms, render: 29ms)
 GET / 200 in 20ms (compile: 2ms, render: 17ms)
 GET / 200 in 8ms (compile: 1803µs, render: 6ms)
 GET / 200 in 26ms (compile: 1018µs, render: 25ms)
 GET / 200 in 21ms (compile: 847µs, render: 20ms)
 GET / 200 in 27ms (compile: 1108µs, render: 26ms)
 GET / 200 in 29ms (compile: 1348µs, render: 27ms)
 GET / 200 in 31ms (compile: 1857µs, render: 30ms)
 GET / 200 in 39ms (compile: 850µs, render: 38ms)
 GET / 200 in 42ms (compile: 1119µs, render: 41ms)
 GET / 200 in 41ms (compile: 1407µs, render: 39ms)
 GET / 200 in 39ms (compile: 3ms, render: 36ms)
 GET / 200 in 26ms (compile: 1275µs, render: 24ms)
 GET / 200 in 24ms (compile: 1199µs, render: 23ms)
 GET / 200 in 19ms (compile: 1209µs, render: 17ms)
 GET / 200 in 28ms (compile: 1136µs, render: 27ms)
 GET / 200 in 20ms (compile: 4ms, render: 17ms)
 GET / 200 in 12ms (compile: 1173µs, render: 10ms)
 GET / 200 in 22ms (compile: 2ms, render: 20ms)
 GET / 200 in 15ms (compile: 959µs, render: 14ms)
 GET / 200 in 7ms (compile: 941µs, render: 6ms)
 GET / 200 in 23ms (compile: 954µs, render: 22ms)
 GET / 200 in 23ms (compile: 1251µs, render: 22ms)
 GET / 200 in 24ms (compile: 904µs, render: 23ms)
 GET / 200 in 34ms (compile: 1545µs, render: 32ms)
 GET / 200 in 28ms (compile: 1024µs, render: 27ms)
 GET / 200 in 36ms (compile: 2ms, render: 33ms)
 GET / 200 in 34ms (compile: 1057µs, render: 33ms)
 GET / 200 in 31ms (compile: 1643µs, render: 29ms)
 GET / 200 in 32ms (compile: 1241µs, render: 30ms)
 GET / 200 in 31ms (compile: 1119µs, render: 30ms)
 GET / 200 in 25ms (compile: 897µs, render: 24ms)
 GET / 200 in 30ms (compile: 942µs, render: 29ms)
 GET / 200 in 30ms (compile: 1466µs, render: 28ms)
 GET / 200 in 30ms (compile: 1720µs, render: 28ms)
 GET / 200 in 31ms (compile: 1080µs, render: 30ms)
 GET / 200 in 32ms (compile: 1409µs, render: 30ms)
 GET / 200 in 33ms (compile: 1028µs, render: 32ms)
 GET / 200 in 34ms (compile: 1243µs, render: 32ms)
 GET / 200 in 37ms (compile: 1081µs, render: 36ms)
 GET / 200 in 40ms (compile: 1011µs, render: 39ms)
 GET / 200 in 32ms (compile: 1061µs, render: 31ms)
 GET / 200 in 30ms (compile: 1303µs, render: 29ms)
 GET / 200 in 25ms (compile: 1125µs, render: 24ms)
 GET / 200 in 31ms (compile: 1792µs, render: 29ms)
 GET / 200 in 25ms (compile: 1654µs, render: 23ms)
 GET / 200 in 32ms (compile: 1421µs, render: 31ms)
 GET / 200 in 26ms (compile: 993µs, render: 25ms)
 GET / 200 in 31ms (compile: 2ms, render: 29ms)
 GET / 200 in 38ms (compile: 1001µs, render: 37ms)
 GET / 200 in 31ms (compile: 2ms, render: 29ms)
 GET / 200 in 35ms (compile: 2ms, render: 33ms)
 GET / 200 in 28ms (compile: 1083µs, render: 27ms)
 GET / 200 in 32ms (compile: 1918µs, render: 30ms)
 GET / 200 in 21ms (compile: 1022µs, render: 20ms)
 GET / 200 in 29ms (compile: 1687µs, render: 28ms)
 GET / 200 in 24ms (compile: 948µs, render: 23ms)
 GET / 200 in 30ms (compile: 1268µs, render: 28ms)
 GET / 200 in 27ms (compile: 949µs, render: 26ms)
 GET / 200 in 26ms (compile: 1228µs, render: 25ms)
 GET / 200 in 26ms (compile: 1500µs, render: 25ms)
 GET / 200 in 26ms (compile: 932µs, render: 25ms)
 GET / 200 in 29ms (compile: 827µs, render: 28ms)
 GET / 200 in 29ms (compile: 920µs, render: 29ms)
 GET / 200 in 30ms (compile: 951µs, render: 29ms)
 GET / 200 in 30ms (compile: 1820µs, render: 28ms)
 GET / 200 in 27ms (compile: 940µs, render: 26ms)
 GET / 200 in 26ms (compile: 929µs, render: 25ms)
 GET / 200 in 26ms (compile: 1043µs, render: 25ms)
 GET / 200 in 27ms (compile: 852µs, render: 26ms)
 GET / 200 in 30ms (compile: 855µs, render: 29ms)
 GET / 200 in 30ms (compile: 939µs, render: 29ms)
 GET / 200 in 33ms (compile: 1088µs, render: 31ms)
 GET / 200 in 30ms (compile: 1061µs, render: 29ms)
 GET / 200 in 29ms (compile: 922µs, render: 28ms)
 GET / 200 in 29ms (compile: 853µs, render: 28ms)
 GET / 200 in 27ms (compile: 977µs, render: 26ms)
 GET / 200 in 27ms (compile: 910µs, render: 26ms)
 GET / 200 in 27ms (compile: 894µs, render: 26ms)
 GET / 200 in 27ms (compile: 908µs, render: 26ms)
 GET / 200 in 25ms (compile: 873µs, render: 24ms)
 GET / 200 in 26ms (compile: 830µs, render: 25ms)
 GET / 200 in 26ms (compile: 822µs, render: 25ms)
 GET / 200 in 26ms (compile: 836µs, render: 25ms)
 GET / 200 in 21ms (compile: 888µs, render: 20ms)
 GET / 200 in 21ms (compile: 1054µs, render: 19ms)
 GET / 200 in 29ms (compile: 852µs, render: 29ms)
 GET / 200 in 29ms (compile: 1418µs, render: 28ms)
 GET / 200 in 29ms (compile: 1249µs, render: 28ms)
 GET / 200 in 20ms (compile: 1017µs, render: 19ms)
 GET / 200 in 25ms (compile: 810µs, render: 24ms)
 GET / 200 in 26ms (compile: 849µs, render: 25ms)
 GET / 200 in 26ms (compile: 1300µs, render: 25ms)
 GET / 200 in 25ms (compile: 756µs, render: 25ms)
 GET / 200 in 25ms (compile: 876µs, render: 24ms)
 GET / 200 in 25ms (compile: 1047µs, render: 24ms)
 GET / 200 in 28ms (compile: 791µs, render: 27ms)
 GET / 200 in 28ms (compile: 776µs, render: 27ms)
 GET / 200 in 28ms (compile: 726µs, render: 27ms)
 GET / 200 in 23ms (compile: 4ms, render: 19ms)
 GET / 200 in 20ms (compile: 850µs, render: 19ms)
 GET / 200 in 24ms (compile: 1070µs, render: 23ms)
 GET / 200 in 30ms (compile: 1217µs, render: 29ms)
 GET / 200 in 30ms (compile: 1231µs, render: 29ms)
 GET / 200 in 26ms (compile: 1744µs, render: 24ms)
 GET / 200 in 20ms (compile: 793µs, render: 19ms)
 GET / 200 in 25ms (compile: 826µs, render: 24ms)
 GET / 200 in 26ms (compile: 779µs, render: 25ms)
 GET / 200 in 21ms (compile: 1083µs, render: 20ms)
 GET / 200 in 27ms (compile: 771µs, render: 26ms)
 GET / 200 in 29ms (compile: 920µs, render: 28ms)
 GET / 200 in 23ms (compile: 1189µs, render: 22ms)
 GET / 200 in 30ms (compile: 1016µs, render: 29ms)
 GET / 200 in 31ms (compile: 918µs, render: 30ms)
 GET / 200 in 37ms (compile: 1452µs, render: 35ms)
 GET / 200 in 38ms (compile: 803µs, render: 37ms)
 GET / 200 in 45ms (compile: 1148µs, render: 43ms)
 GET / 200 in 46ms (compile: 1123µs, render: 44ms)
 GET / 200 in 42ms (compile: 1941µs, render: 40ms)
 GET / 200 in 45ms (compile: 990µs, render: 44ms)
 GET / 200 in 40ms (compile: 1841µs, render: 38ms)
 GET / 200 in 40ms (compile: 1226µs, render: 38ms)
 GET / 200 in 42ms (compile: 3ms, render: 39ms)
 GET / 200 in 42ms (compile: 1335µs, render: 40ms)
 GET / 200 in 34ms (compile: 1050µs, render: 33ms)
 GET / 200 in 42ms (compile: 1496µs, render: 41ms)
 GET / 200 in 40ms (compile: 1125µs, render: 39ms)
 GET / 200 in 37ms (compile: 1632µs, render: 35ms)
 GET / 200 in 33ms (compile: 936µs, render: 32ms)
 GET / 200 in 32ms (compile: 862µs, render: 31ms)
 GET / 200 in 31ms (compile: 1064µs, render: 30ms)
 GET / 200 in 29ms (compile: 1331µs, render: 28ms)
 GET / 200 in 28ms (compile: 898µs, render: 27ms)
 GET / 200 in 28ms (compile: 982µs, render: 27ms)
 GET / 200 in 31ms (compile: 860µs, render: 30ms)
 GET / 200 in 33ms (compile: 944µs, render: 32ms)
 GET / 200 in 35ms (compile: 912µs, render: 34ms)
 GET / 200 in 36ms (compile: 1766µs, render: 34ms)
 GET / 200 in 28ms (compile: 1266µs, render: 27ms)
 GET / 200 in 38ms (compile: 1306µs, render: 37ms)
 GET / 200 in 38ms (compile: 1357µs, render: 37ms)
 GET / 200 in 38ms (compile: 2ms, render: 36ms)
 GET / 200 in 39ms (compile: 1728µs, render: 37ms)
 GET / 200 in 39ms (compile: 1287µs, render: 37ms)
 GET / 200 in 37ms (compile: 1155µs, render: 36ms)
 GET / 200 in 29ms (compile: 1397µs, render: 27ms)
 GET / 200 in 30ms (compile: 1552µs, render: 29ms)
 GET / 200 in 30ms (compile: 1127µs, render: 29ms)
 GET / 200 in 31ms (compile: 1296µs, render: 29ms)
 GET / 200 in 33ms (compile: 2ms, render: 31ms)
 GET / 200 in 32ms (compile: 1721µs, render: 31ms)
 GET / 200 in 25ms (compile: 2ms, render: 23ms)
 GET / 200 in 24ms (compile: 1105µs, render: 23ms)
 GET / 200 in 30ms (compile: 1019µs, render: 29ms)
 GET / 200 in 30ms (compile: 1749µs, render: 28ms)
 GET / 200 in 29ms (compile: 1623µs, render: 27ms)
 GET / 200 in 29ms (compile: 1148µs, render: 28ms)
 GET / 200 in 22ms (compile: 1176µs, render: 20ms)
 GET / 200 in 27ms (compile: 845µs, render: 26ms)
 GET / 200 in 28ms (compile: 913µs, render: 27ms)
 GET / 200 in 28ms (compile: 1095µs, render: 27ms)
 GET / 200 in 28ms (compile: 888µs, render: 27ms)
 GET / 200 in 22ms (compile: 928µs, render: 21ms)
 GET / 200 in 21ms (compile: 984µs, render: 20ms)
 GET / 200 in 26ms (compile: 893µs, render: 25ms)
 GET / 200 in 21ms (compile: 1104µs, render: 20ms)
 GET / 200 in 30ms (compile: 1135µs, render: 29ms)
 GET / 200 in 25ms (compile: 777µs, render: 24ms)
 GET / 200 in 36ms (compile: 1644µs, render: 34ms)
 GET / 200 in 35ms (compile: 1084µs, render: 34ms)
 GET / 200 in 34ms (compile: 1441µs, render: 33ms)
 GET / 200 in 31ms (compile: 1097µs, render: 30ms)
 GET / 200 in 30ms (compile: 1361µs, render: 29ms)
 GET / 200 in 23ms (compile: 1010µs, render: 22ms)
 GET / 200 in 17ms (compile: 1095µs, render: 16ms)
 GET / 200 in 9ms (compile: 1053µs, render: 8ms)
⚠ Fast Refresh had to perform a full reload due to a runtime error.
✓ Compiled in 81ms
 GET /admin 200 in 35ms (compile: 3ms, render: 32ms)
⚠ Fast Refresh had to perform a full reload due to a runtime error.
⚠ Fast Refresh had to perform a full reload due to a runtime error.
✓ Compiled in 82ms
 GET /admin 200 in 132ms (compile: 49ms, render: 83ms)
⚠ Fast Refresh had to perform a full reload due to a runtime error.
✓ Compiled in 165ms
 GET /admin 200 in 247ms (compile: 116ms, render: 131ms)
⚠ Fast Refresh had to perform a full reload due to a runtime error.
✓ Compiled in 104ms
 GET /admin 200 in 74ms (compile: 25ms, render: 49ms)
 GET /admin 200 in 1068ms (compile: 350ms, render: 718ms)
 GET /admin/blogs 200 in 318ms (compile: 239ms, render: 79ms)
 GET /admin/blogs/categories 404 in 122ms (compile: 107ms, render: 16ms)
 GET /admin/blogs/categories 404 in 93ms (compile: 3ms, render: 91ms)
 GET / 200 in 674ms (compile: 206ms, render: 468ms)
 GET /chatbot 404 in 26ms (compile: 12ms, render: 14ms)
 GET /chatbot 404 in 43ms (compile: 4ms, render: 39ms)
 GET / 200 in 20ms (compile: 6ms, render: 14ms)
